[Message:   BepInEx] BepInEx 5.4.21.0 - Lethal Company (12/22/2023 12:09:05 AM)
[Info   :   BepInEx] Running under Unity v2022.3.9.15351836
[Info   :   BepInEx] CLR runtime version: 4.0.30319.42000
[Info   :   BepInEx] Supports SRE: True
[Info   :   BepInEx] System platform: Bits64, Windows
[Message:   BepInEx] Preloader started
[Info   :   BepInEx] Loaded 1 patcher method from [BepInEx.Preloader 5.4.21.0]
[Info   :   BepInEx] 1 patcher plugin loaded
[Info   :   BepInEx] Patching [UnityEngine.CoreModule] with [BepInEx.Chainloader]
[Message:   BepInEx] Preloader finished
[Message:   BepInEx] Chainloader ready
[Message:   BepInEx] Chainloader started
[Info   :   BepInEx] 13 plugins to load
[Warning:   BepInEx] Plugin [HDLethalCompany-Sligili 1.5.6] targets a wrong version of BepInEx (5.4.22.0) and might not work until you update
[Info   :   BepInEx] Loading [BiggerLobby 2.6.0]
[Info   : Unity Log] Kick Fix Applied
[Info   :BiggerLobby] BiggerLobby loaded
[Info   :   BepInEx] Loading [BrutalCompanyPlus 3.5.1]
[Warning:BrutalCompanyPlus] Loaded Brutal Company Plus and applying patches.
[Info   :   BepInEx] Loading [HDLethalCompany-Sligili 1.5.6]
[Info   :HDLethalCompany-Sligili] HDLethalCompany loaded
[Info   :   BepInEx] Loading [LC_API 3.0.0]
[Warning:    LC_API] 
.____    _________           _____  __________ .___  
|    |   \_   ___ \         /  _  \ \______   \|   | 
|    |   /    \  \/        /  /_\  \ |     ___/|   | 
|    |___\     \____      /    |    \|    |    |   | 
|_______ \\______  /______\____|__  /|____|    |___| 
        \/       \//_____/        \/                 
                                                     
[Info   :    LC_API] LC_API Starting up..
[Info   :   BepInEx] Loading [MoreCompany 1.7.2]
[Info   :MoreCompany] Loading MoreCompany...
[Info   :MoreCompany] Checking: C:\Program Files (x86)\Steam\steamapps\common\Lethal Company\BepInEx\plugins/MoreCompanyCosmetics
[Info   :MoreCompany] Read settings and cosmetics
[Info   :MoreCompany] Loaded cosmetic: builtin.3dglasses from bundle
[Info   :MoreCompany] Loaded cosmetic: builtin.bunnyears from bundle
[Info   :MoreCompany] Loaded cosmetic: builtin.denimhat from bundle
[Info   :MoreCompany] Loaded cosmetic: builtin.fancyglasses from bundle
[Info   :MoreCompany] Loaded cosmetic: builtin.partyglasses from bundle
[Info   :MoreCompany] Loaded cosmetic: builtin.gunholster from bundle
[Info   :MoreCompany] Loaded cosmetic: builtin.hardhat from bundle
[Info   :MoreCompany] Loaded cosmetic: builtin.jesterhat from bundle
[Info   :MoreCompany] Loaded cosmetic: builtin.kittyears from bundle
[Info   :MoreCompany] Loaded cosmetic: builtin.mimemask from bundle
[Info   :MoreCompany] Loaded cosmetic: builtin.fancypants from bundle
[Info   :MoreCompany] Loaded cosmetic: builtin.outoforder from bundle
[Info   :MoreCompany] Loaded cosmetic: builtin.partyhat from bundle
[Info   :MoreCompany] Loaded cosmetic: builtin.plaguemask from bundle
[Info   :MoreCompany] Loaded cosmetic: builtin.propellerhat from bundle
[Info   :MoreCompany] Loaded cosmetic: builtin.eyeballs from bundle
[Info   :MoreCompany] Loaded cosmetic: builtin.rudolph from bundle
[Info   :MoreCompany] Loaded cosmetic: builtin.santahat from bundle
[Info   :MoreCompany] Loaded cosmetic: builtin.slimething from bundle
[Info   :MoreCompany] Loaded cosmetic: builtin.tophat from bundle
[Info   :MoreCompany] Loaded cosmetic: builtin.watch from bundle
[Info   :MoreCompany] Loading USER COSMETICS...
[Info   :MoreCompany] Loaded MoreCompany FULLY
[Info   :   BepInEx] Loading [HornMoan 2.1.0]
[Info   :MetalPipeSFX.HornMoan] The Moaning is Loading
[Info   :MetalPipeSFX.HornMoan] Loaded The Moaning Successfully
[Info   :   BepInEx] Loading [Better Item Scan 2.1.0.0]
[Info   :PopleZoo.BetterItemScan] Plugin BetterItemScan is loaded!
[Info   :   BepInEx] Loading [PushCompany 1.2.0]
[Info   :PushCompany] PushCompany has initialized!
[Info   :   BepInEx] Loading [Helmet_Cameras 2.1.5]
[Info   :Helmet_Cameras] Plugin Helmet_Cameras is loaded with version 2.1.5!
[Info   :Helmet_Cameras] --------Helmet camera patch done.---------
[Info   :   BepInEx] Loading [Skinwalker Mod 1.0.8]
[Info   :RugbugRedfern.SkinwalkerMod] SKINWALKER MOD STARTING UP 1.0.8
[Info   :RugbugRedfern.SkinwalkerMod] VoiceEnabled_BaboonHawk VALUE LOADED FROM CONFIG: [True]
[Info   :RugbugRedfern.SkinwalkerMod] VoiceEnabled_Bracken VALUE LOADED FROM CONFIG: [True]
[Info   :RugbugRedfern.SkinwalkerMod] VoiceEnabled_BunkerSpider VALUE LOADED FROM CONFIG: [True]
[Info   :RugbugRedfern.SkinwalkerMod] VoiceEnabled_Centipede VALUE LOADED FROM CONFIG: [True]
[Info   :RugbugRedfern.SkinwalkerMod] VoiceEnabled_CoilHead VALUE LOADED FROM CONFIG: [True]
[Info   :RugbugRedfern.SkinwalkerMod] VoiceEnabled_EyelessDog VALUE LOADED FROM CONFIG: [True]
[Info   :RugbugRedfern.SkinwalkerMod] VoiceEnabled_ForestGiant VALUE LOADED FROM CONFIG: [False]
[Info   :RugbugRedfern.SkinwalkerMod] VoiceEnabled_GhostGirl VALUE LOADED FROM CONFIG: [True]
[Info   :RugbugRedfern.SkinwalkerMod] VoiceEnabled_GiantWorm VALUE LOADED FROM CONFIG: [False]
[Info   :RugbugRedfern.SkinwalkerMod] VoiceEnabled_HoardingBug VALUE LOADED FROM CONFIG: [True]
[Info   :RugbugRedfern.SkinwalkerMod] VoiceEnabled_Hygrodere VALUE LOADED FROM CONFIG: [False]
[Info   :RugbugRedfern.SkinwalkerMod] VoiceEnabled_Jester VALUE LOADED FROM CONFIG: [True]
[Info   :RugbugRedfern.SkinwalkerMod] VoiceEnabled_Masked VALUE LOADED FROM CONFIG: [True]
[Info   :RugbugRedfern.SkinwalkerMod] VoiceEnabled_Nutcracker VALUE LOADED FROM CONFIG: [True]
[Info   :RugbugRedfern.SkinwalkerMod] VoiceEnabled_SporeLizard VALUE LOADED FROM CONFIG: [True]
[Info   :RugbugRedfern.SkinwalkerMod] VoiceEnabled_Thumper VALUE LOADED FROM CONFIG: [True]
[Info   :RugbugRedfern.SkinwalkerMod] VoiceLineFrequency VALUE LOADED FROM CONFIG: [1]
[Info   :RugbugRedfern.SkinwalkerMod] Skinwalker Mod Object Initialized
[Info   :   BepInEx] Loading [Late Company 1.0.6]
[Info   :Late Company] Late Company loaded!
[Info   :   BepInEx] Loading [Mimics 2.2.1]
[Info   :    Mimics] Plugin Mimics is loaded!
[Info   :   BepInEx] Loading [More Suits 1.4.1]
[Info   :More Suits] Plugin More Suits is loaded!
[Message:   BepInEx] Chainloader startup complete
[Message:    LC_API] A plugin has set your game to only allow you to play with other people who have mods!
[Info   :BrutalCompanyPlus] Attempting to Initialize BrutalPlus
[Warning:BrutalCompanyPlus] Brutal Plus is Awake
[Info   :    LC_API] LC_API Started!
[Info   : Unity Log] Changing gamma
[Info   : Unity Log] override float value: 0
[Info   : Unity Log] Overriding float
[Info   : Unity Log] Gamma changed
[Info   : Unity Log] Set gamma to new value: 0; (0.00, 0.00, 0.00, 0.00) (True)
[Info   : Unity Log] Saving changed settings
[Info   : Unity Log] Changing gamma
[Info   : Unity Log] override float value: 0
[Info   : Unity Log] Overriding float
[Info   : Unity Log] Gamma changed
[Info   : Unity Log] Set gamma to new value: 0; (0.00, 0.00, 0.00, 0.00) (True)
[Info   : Unity Log] subcribing to steam callbacks
[Info   : Unity Log] Changing gamma
[Info   : Unity Log] override float value: 0
[Info   : Unity Log] Overriding float
[Info   : Unity Log] Gamma changed
[Info   : Unity Log] Set gamma to new value: 0; (0.00, 0.00, 0.00, 0.00) (True)
[Error  : Unity Log] Unable to open archive file: C:/Program Files (x86)/Steam/steamapps/common/Lethal Company/BepInEx/plugins/2018-LC_API/Bundles/networking
[Error  : Unity Log] Failed to read data for the AssetBundle 'C:\Program Files (x86)\Steam\steamapps\common\Lethal Company\BepInEx\plugins\2018-LC_API\Bundles\networking'.
[Error  : Unity Log] NullReferenceException: Object reference not set to an instance of an object
Stack trace:
LC_API.BundleAPI.BundleLoader.LoadAssetBundle (System.String filePath, System.Boolean cache) (at <b8c346b58a5a47329012fe59e1117455>:0)
LC_API.GameInterfaceAPI.Events.Patches.Internal.GameNetworkManagerStartPatch.Postfix (GameNetworkManager __instance) (at <b8c346b58a5a47329012fe59e1117455>:0)
(wrapper dynamic-method) GameNetworkManager.DMD<GameNetworkManager::Start>(GameNetworkManager)

[Info   : Unity Log] [FacepunchTransport] - Initialized access to Steam Relay Network.
[Info   : Unity Log] [FacepunchTransport] - Fetched user Steam ID.
[Info   : Unity Log] Set version num
[Warning: Unity Log] Parent of RectTransform is being set with parent property. Consider using the SetParent method instead, with the worldPositionStays argument set to false. This will retain local orientation and scale rather than world orientation and scale, which can prevent common UI scaling issues.
[Info   : Unity Log] Changing gamma
[Info   : Unity Log] override float value: 0
[Info   : Unity Log] Overriding float
[Info   : Unity Log] Gamma changed
[Info   : Unity Log] Set gamma to new value: 0; (0.00, 0.00, 0.00, 0.00) (True)
[Info   : Unity Log] host button pressed
[Info   : Unity Log] SETTING MAX PLAYERS TO 16!
[Info   : Unity Log] Displaying menu message
[Info   : Unity Log] [Netcode] StartHost
[Info   : Unity Log] [Netcode] Initialize
[Info   : Unity Log] [FacepunchTransport] - Starting as server.
[Info   : Unity Log] Connection approval callback! Game version of client request: 
[Info   : Unity Log] Joining client id: 0; Local/host client id: 0
[Info   : Unity Log] Stopped connection approval callback, as the client in question was the host!
[Warning: Unity Log] [Netcode] You cannot decline the host connection. The connection was automatically approved.
[Info   : Unity Log] started host!
[Info   : Unity Log] are we in a server?: True
[Message:    LC_API] server pre-setup success
[Info   : Unity Log] Lobby has been created
[Info   :RugbugRedfern.SkinwalkerMod] Audio folder not present. Don't worry about it, it will be created automatically when you play with friends. (C:/Program Files (x86)/Steam/steamapps/common/Lethal Company/Lethal Company_Data\..\Dissonance_Diagnostics)
[Info   : Unity Log] Enabling connection callbacks in StartOfRound
[Info   : Unity Log] Began listening to SceneManager_OnLoadComplete1 on this client
[Warning:BrutalCompanyPlus] Modifying the Starting Quota Values based on Config
[Warning: Unity Log] NetworkVariable is written to, but doesn't know its NetworkBehaviour yet. Are you modifying a NetworkVariable before the NetworkObject is spawned?
[Warning: Unity Log] NetworkVariable is written to, but doesn't know its NetworkBehaviour yet. Are you modifying a NetworkVariable before the NetworkObject is spawned?
[Warning: Unity Log] NetworkVariable is written to, but doesn't know its NetworkBehaviour yet. Are you modifying a NetworkVariable before the NetworkObject is spawned?
[Info   :RugbugRedfern.SkinwalkerMod] HOST SENDING CONFIG TO CLIENTS
[Info   :RugbugRedfern.SkinwalkerMod] SkinwalkerNetworkManager Awake
[Info   : Unity Log] Initialized SkinwalkerNetworkManager
[Info   : Unity Log] Changing gamma
[Info   : Unity Log] override float value: 0
[Info   : Unity Log] Overriding float
[Info   : Unity Log] Gamma changed
[Info   : Unity Log] Set gamma to new value: 0; (0.00, 0.00, 0.00, 0.00) (True)
[Warning: Unity Log] damageTrigger is disabled! Netcode for GameObjects does not support spawning disabled NetworkBehaviours! The InteractTrigger component was skipped during spawn!
[Error  : Unity Log] ArgumentException: The Object you want to instantiate is null.
Stack trace:
UnityEngine.Object.Instantiate[T] (T original) (at <e27997765c1848b09d8073e5d642717a>:0)
LC_API.GameInterfaceAPI.Events.Patches.Internal.PlayerControllerBStartPatch.Postfix (GameNetcodeStuff.PlayerControllerB __instance) (at <b8c346b58a5a47329012fe59e1117455>:0)
(wrapper dynamic-method) GameNetcodeStuff.PlayerControllerB.DMD<GameNetcodeStuff.PlayerControllerB::Start>(GameNetcodeStuff.PlayerControllerB)

[Error  : Unity Log] ArgumentException: The Object you want to instantiate is null.
Stack trace:
UnityEngine.Object.Instantiate[T] (T original) (at <e27997765c1848b09d8073e5d642717a>:0)
LC_API.GameInterfaceAPI.Events.Patches.Internal.PlayerControllerBStartPatch.Postfix (GameNetcodeStuff.PlayerControllerB __instance) (at <b8c346b58a5a47329012fe59e1117455>:0)
(wrapper dynamic-method) GameNetcodeStuff.PlayerControllerB.DMD<GameNetcodeStuff.PlayerControllerB::Start>(GameNetcodeStuff.PlayerControllerB)

[Error  : Unity Log] ArgumentException: The Object you want to instantiate is null.
Stack trace:
UnityEngine.Object.Instantiate[T] (T original) (at <e27997765c1848b09d8073e5d642717a>:0)
LC_API.GameInterfaceAPI.Events.Patches.Internal.PlayerControllerBStartPatch.Postfix (GameNetcodeStuff.PlayerControllerB __instance) (at <b8c346b58a5a47329012fe59e1117455>:0)
(wrapper dynamic-method) GameNetcodeStuff.PlayerControllerB.DMD<GameNetcodeStuff.PlayerControllerB::Start>(GameNetcodeStuff.PlayerControllerB)

[Error  : Unity Log] ArgumentException: The Object you want to instantiate is null.
Stack trace:
UnityEngine.Object.Instantiate[T] (T original) (at <e27997765c1848b09d8073e5d642717a>:0)
LC_API.GameInterfaceAPI.Events.Patches.Internal.PlayerControllerBStartPatch.Postfix (GameNetcodeStuff.PlayerControllerB __instance) (at <b8c346b58a5a47329012fe59e1117455>:0)
(wrapper dynamic-method) GameNetcodeStuff.PlayerControllerB.DMD<GameNetcodeStuff.PlayerControllerB::Start>(GameNetcodeStuff.PlayerControllerB)

[Info   : Unity Log] Item sales percentages #0: 0
[Info   : Unity Log] Item sales percentages #1: 0
[Info   : Unity Log] Item sales percentages #2: 0
[Info   : Unity Log] Item sales percentages #3: 0
[Info   : Unity Log] Item sales percentages #4: 0
[Info   : Unity Log] Item sales percentages #5: 0
[Info   : Unity Log] Item sales percentages #6: 0
[Info   : Unity Log] Item sales percentages #7: 0
[Info   : Unity Log] Item sales percentages #8: 0
[Info   : Unity Log] Item sales percentages #9: 0
[Info   : Unity Log] Item sales percentages #10: 0
[Info   : Unity Log] Item sales percentages #11: 0
[Info   : Unity Log] Item sales percentages #12: 0
[Info   : Unity Log] Group credits: 60
[Info   : Unity Log] Can't add component 'RectTransform' to ScrollViewport because such a component is already added to the game object!
[Info   : Unity Log] # powered lights: 0
[Info   : Unity Log] level id: 0
[Info   : Unity Log] Changing level
[Warning: Unity Log] NetworkVariable is written to, but doesn't know its NetworkBehaviour yet. Are you modifying a NetworkVariable before the NetworkObject is spawned?
[Warning: Unity Log] NetworkVariable is written to, but doesn't know its NetworkBehaviour yet. Are you modifying a NetworkVariable before the NetworkObject is spawned?
[Warning: Unity Log] NetworkVariable is written to, but doesn't know its NetworkBehaviour yet. Are you modifying a NetworkVariable before the NetworkObject is spawned?
[Warning: Unity Log] NetworkVariable is written to, but doesn't know its NetworkBehaviour yet. Are you modifying a NetworkVariable before the NetworkObject is spawned?
[Warning: Unity Log] NetworkVariable is written to, but doesn't know its NetworkBehaviour yet. Are you modifying a NetworkVariable before the NetworkObject is spawned?
[Warning: Unity Log] NetworkVariable is written to, but doesn't know its NetworkBehaviour yet. Are you modifying a NetworkVariable before the NetworkObject is spawned?
[Warning: Unity Log] NetworkVariable is written to, but doesn't know its NetworkBehaviour yet. Are you modifying a NetworkVariable before the NetworkObject is spawned?
[Warning: Unity Log] NetworkVariable is written to, but doesn't know its NetworkBehaviour yet. Are you modifying a NetworkVariable before the NetworkObject is spawned?
[Warning: Unity Log] NetworkVariable is written to, but doesn't know its NetworkBehaviour yet. Are you modifying a NetworkVariable before the NetworkObject is spawned?
[Info   : Unity Log] Key 'shipGrabbableItems' does not exist
[Error  :MetalPipeSFX.HornMoan] Error loading sounds: C:\Program Files (x86)\Steam\steamapps\common\Lethal Company\BepInEx\plugins\MetalPipeSFX-HornMoan\Moaning1.mp3
HTTP/1.1 404 Not Found
[Error  : Unity Log] InvalidOperationException: HTTP/1.1 404 Not Found
Stack trace:
UnityEngine.Networking.DownloadHandler.GetCheckedDownloader[T] (UnityEngine.Networking.UnityWebRequest www) (at <c222d83f79f841d286bf88de99b703c5>:0)
UnityEngine.Networking.DownloadHandlerAudioClip.GetContent (UnityEngine.Networking.UnityWebRequest www) (at <9a17a0dbd95042e09c96c00e843f4382>:0)
HornMoan.PipePatch.LoadAudioClip (System.String filepath) (at <adcc6bbb2f2a4c35b1d0719ceb30afc6>:0)
HornMoan.PipePatch.AudioPatch (GrabbableObject __instance) (at <adcc6bbb2f2a4c35b1d0719ceb30afc6>:0)
(wrapper dynamic-method) GrabbableObject.DMD<GrabbableObject::Start>(GrabbableObject)

[Error  :MetalPipeSFX.HornMoan] Error loading sounds: C:\Program Files (x86)\Steam\steamapps\common\Lethal Company\BepInEx\plugins\MetalPipeSFX-HornMoan\Moaning1.mp3
HTTP/1.1 404 Not Found
[Error  : Unity Log] InvalidOperationException: HTTP/1.1 404 Not Found
Stack trace:
UnityEngine.Networking.DownloadHandler.GetCheckedDownloader[T] (UnityEngine.Networking.UnityWebRequest www) (at <c222d83f79f841d286bf88de99b703c5>:0)
UnityEngine.Networking.DownloadHandlerAudioClip.GetContent (UnityEngine.Networking.UnityWebRequest www) (at <9a17a0dbd95042e09c96c00e843f4382>:0)
HornMoan.PipePatch.LoadAudioClip (System.String filepath) (at <adcc6bbb2f2a4c35b1d0719ceb30afc6>:0)
HornMoan.PipePatch.AudioPatch (GrabbableObject __instance) (at <adcc6bbb2f2a4c35b1d0719ceb30afc6>:0)
(wrapper dynamic-method) GrabbableObject.DMD<GrabbableObject::Start>(GrabbableObject)

[Error  : Unity Log] ArgumentException: The Object you want to instantiate is null.
Stack trace:
UnityEngine.Object.Instantiate[T] (T original) (at <e27997765c1848b09d8073e5d642717a>:0)
LC_API.GameInterfaceAPI.Events.Patches.Internal.PlayerControllerBStartPatch.Postfix (GameNetcodeStuff.PlayerControllerB __instance) (at <b8c346b58a5a47329012fe59e1117455>:0)
(wrapper dynamic-method) GameNetcodeStuff.PlayerControllerB.DMD<GameNetcodeStuff.PlayerControllerB::Start>(GameNetcodeStuff.PlayerControllerB)

[Error  : Unity Log] ArgumentException: The Object you want to instantiate is null.
Stack trace:
UnityEngine.Object.Instantiate[T] (T original) (at <e27997765c1848b09d8073e5d642717a>:0)
LC_API.GameInterfaceAPI.Events.Patches.Internal.PlayerControllerBStartPatch.Postfix (GameNetcodeStuff.PlayerControllerB __instance) (at <b8c346b58a5a47329012fe59e1117455>:0)
(wrapper dynamic-method) GameNetcodeStuff.PlayerControllerB.DMD<GameNetcodeStuff.PlayerControllerB::Start>(GameNetcodeStuff.PlayerControllerB)

[Error  : Unity Log] ArgumentException: The Object you want to instantiate is null.
Stack trace:
UnityEngine.Object.Instantiate[T] (T original) (at <e27997765c1848b09d8073e5d642717a>:0)
LC_API.GameInterfaceAPI.Events.Patches.Internal.PlayerControllerBStartPatch.Postfix (GameNetcodeStuff.PlayerControllerB __instance) (at <b8c346b58a5a47329012fe59e1117455>:0)
(wrapper dynamic-method) GameNetcodeStuff.PlayerControllerB.DMD<GameNetcodeStuff.PlayerControllerB::Start>(GameNetcodeStuff.PlayerControllerB)

[Error  : Unity Log] ArgumentException: The Object you want to instantiate is null.
Stack trace:
UnityEngine.Object.Instantiate[T] (T original) (at <e27997765c1848b09d8073e5d642717a>:0)
LC_API.GameInterfaceAPI.Events.Patches.Internal.PlayerControllerBStartPatch.Postfix (GameNetcodeStuff.PlayerControllerB __instance) (at <b8c346b58a5a47329012fe59e1117455>:0)
(wrapper dynamic-method) GameNetcodeStuff.PlayerControllerB.DMD<GameNetcodeStuff.PlayerControllerB::Start>(GameNetcodeStuff.PlayerControllerB)

[Error  : Unity Log] ArgumentException: The Object you want to instantiate is null.
Stack trace:
UnityEngine.Object.Instantiate[T] (T original) (at <e27997765c1848b09d8073e5d642717a>:0)
LC_API.GameInterfaceAPI.Events.Patches.Internal.PlayerControllerBStartPatch.Postfix (GameNetcodeStuff.PlayerControllerB __instance) (at <b8c346b58a5a47329012fe59e1117455>:0)
(wrapper dynamic-method) GameNetcodeStuff.PlayerControllerB.DMD<GameNetcodeStuff.PlayerControllerB::Start>(GameNetcodeStuff.PlayerControllerB)

[Error  : Unity Log] ArgumentException: The Object you want to instantiate is null.
Stack trace:
UnityEngine.Object.Instantiate[T] (T original) (at <e27997765c1848b09d8073e5d642717a>:0)
LC_API.GameInterfaceAPI.Events.Patches.Internal.PlayerControllerBStartPatch.Postfix (GameNetcodeStuff.PlayerControllerB __instance) (at <b8c346b58a5a47329012fe59e1117455>:0)
(wrapper dynamic-method) GameNetcodeStuff.PlayerControllerB.DMD<GameNetcodeStuff.PlayerControllerB::Start>(GameNetcodeStuff.PlayerControllerB)

[Error  : Unity Log] ArgumentException: The Object you want to instantiate is null.
Stack trace:
UnityEngine.Object.Instantiate[T] (T original) (at <e27997765c1848b09d8073e5d642717a>:0)
LC_API.GameInterfaceAPI.Events.Patches.Internal.PlayerControllerBStartPatch.Postfix (GameNetcodeStuff.PlayerControllerB __instance) (at <b8c346b58a5a47329012fe59e1117455>:0)
(wrapper dynamic-method) GameNetcodeStuff.PlayerControllerB.DMD<GameNetcodeStuff.PlayerControllerB::Start>(GameNetcodeStuff.PlayerControllerB)

[Error  : Unity Log] ArgumentException: The Object you want to instantiate is null.
Stack trace:
UnityEngine.Object.Instantiate[T] (T original) (at <e27997765c1848b09d8073e5d642717a>:0)
LC_API.GameInterfaceAPI.Events.Patches.Internal.PlayerControllerBStartPatch.Postfix (GameNetcodeStuff.PlayerControllerB __instance) (at <b8c346b58a5a47329012fe59e1117455>:0)
(wrapper dynamic-method) GameNetcodeStuff.PlayerControllerB.DMD<GameNetcodeStuff.PlayerControllerB::Start>(GameNetcodeStuff.PlayerControllerB)

[Error  : Unity Log] ArgumentException: The Object you want to instantiate is null.
Stack trace:
UnityEngine.Object.Instantiate[T] (T original) (at <e27997765c1848b09d8073e5d642717a>:0)
LC_API.GameInterfaceAPI.Events.Patches.Internal.PlayerControllerBStartPatch.Postfix (GameNetcodeStuff.PlayerControllerB __instance) (at <b8c346b58a5a47329012fe59e1117455>:0)
(wrapper dynamic-method) GameNetcodeStuff.PlayerControllerB.DMD<GameNetcodeStuff.PlayerControllerB::Start>(GameNetcodeStuff.PlayerControllerB)

[Error  : Unity Log] ArgumentException: The Object you want to instantiate is null.
Stack trace:
UnityEngine.Object.Instantiate[T] (T original) (at <e27997765c1848b09d8073e5d642717a>:0)
LC_API.GameInterfaceAPI.Events.Patches.Internal.PlayerControllerBStartPatch.Postfix (GameNetcodeStuff.PlayerControllerB __instance) (at <b8c346b58a5a47329012fe59e1117455>:0)
(wrapper dynamic-method) GameNetcodeStuff.PlayerControllerB.DMD<GameNetcodeStuff.PlayerControllerB::Start>(GameNetcodeStuff.PlayerControllerB)

[Error  : Unity Log] ArgumentException: The Object you want to instantiate is null.
Stack trace:
UnityEngine.Object.Instantiate[T] (T original) (at <e27997765c1848b09d8073e5d642717a>:0)
LC_API.GameInterfaceAPI.Events.Patches.Internal.PlayerControllerBStartPatch.Postfix (GameNetcodeStuff.PlayerControllerB __instance) (at <b8c346b58a5a47329012fe59e1117455>:0)
(wrapper dynamic-method) GameNetcodeStuff.PlayerControllerB.DMD<GameNetcodeStuff.PlayerControllerB::Start>(GameNetcodeStuff.PlayerControllerB)

[Error  : Unity Log] ArgumentException: The Object you want to instantiate is null.
Stack trace:
UnityEngine.Object.Instantiate[T] (T original) (at <e27997765c1848b09d8073e5d642717a>:0)
LC_API.GameInterfaceAPI.Events.Patches.Internal.PlayerControllerBStartPatch.Postfix (GameNetcodeStuff.PlayerControllerB __instance) (at <b8c346b58a5a47329012fe59e1117455>:0)
(wrapper dynamic-method) GameNetcodeStuff.PlayerControllerB.DMD<GameNetcodeStuff.PlayerControllerB::Start>(GameNetcodeStuff.PlayerControllerB)

[Error  : Unity Log] ArgumentException: The Object you want to instantiate is null.
Stack trace:
UnityEngine.Object.Instantiate[T] (T original) (at <e27997765c1848b09d8073e5d642717a>:0)
LC_API.GameInterfaceAPI.Events.Patches.Internal.PlayerControllerBStartPatch.Postfix (GameNetcodeStuff.PlayerControllerB __instance) (at <b8c346b58a5a47329012fe59e1117455>:0)
(wrapper dynamic-method) GameNetcodeStuff.PlayerControllerB.DMD<GameNetcodeStuff.PlayerControllerB::Start>(GameNetcodeStuff.PlayerControllerB)

[Error  : Unity Log] ArgumentException: The Object you want to instantiate is null.
Stack trace:
UnityEngine.Object.Instantiate[T] (T original) (at <e27997765c1848b09d8073e5d642717a>:0)
LC_API.GameInterfaceAPI.Events.Patches.Internal.PlayerControllerBStartPatch.Postfix (GameNetcodeStuff.PlayerControllerB __instance) (at <b8c346b58a5a47329012fe59e1117455>:0)
(wrapper dynamic-method) GameNetcodeStuff.PlayerControllerB.DMD<GameNetcodeStuff.PlayerControllerB::Start>(GameNetcodeStuff.PlayerControllerB)

[Error  : Unity Log] ArgumentException: The Object you want to instantiate is null.
Stack trace:
UnityEngine.Object.Instantiate[T] (T original) (at <e27997765c1848b09d8073e5d642717a>:0)
LC_API.GameInterfaceAPI.Events.Patches.Internal.PlayerControllerBStartPatch.Postfix (GameNetcodeStuff.PlayerControllerB __instance) (at <b8c346b58a5a47329012fe59e1117455>:0)
(wrapper dynamic-method) GameNetcodeStuff.PlayerControllerB.DMD<GameNetcodeStuff.PlayerControllerB::Start>(GameNetcodeStuff.PlayerControllerB)

[Error  : Unity Log] ArgumentException: The Object you want to instantiate is null.
Stack trace:
UnityEngine.Object.Instantiate[T] (T original) (at <e27997765c1848b09d8073e5d642717a>:0)
LC_API.GameInterfaceAPI.Events.Patches.Internal.PlayerControllerBStartPatch.Postfix (GameNetcodeStuff.PlayerControllerB __instance) (at <b8c346b58a5a47329012fe59e1117455>:0)
(wrapper dynamic-method) GameNetcodeStuff.PlayerControllerB.DMD<GameNetcodeStuff.PlayerControllerB::Start>(GameNetcodeStuff.PlayerControllerB)

[Error  : Unity Log] ArgumentException: The Object you want to instantiate is null.
Stack trace:
UnityEngine.Object.Instantiate[T] (T original) (at <e27997765c1848b09d8073e5d642717a>:0)
LC_API.GameInterfaceAPI.Events.Patches.Internal.PlayerControllerBStartPatch.Postfix (GameNetcodeStuff.PlayerControllerB __instance) (at <b8c346b58a5a47329012fe59e1117455>:0)
(wrapper dynamic-method) GameNetcodeStuff.PlayerControllerB.DMD<GameNetcodeStuff.PlayerControllerB::Start>(GameNetcodeStuff.PlayerControllerB)

[Error  : Unity Log] ArgumentException: The Object you want to instantiate is null.
Stack trace:
UnityEngine.Object.Instantiate[T] (T original) (at <e27997765c1848b09d8073e5d642717a>:0)
LC_API.GameInterfaceAPI.Events.Patches.Internal.PlayerControllerBStartPatch.Postfix (GameNetcodeStuff.PlayerControllerB __instance) (at <b8c346b58a5a47329012fe59e1117455>:0)
(wrapper dynamic-method) GameNetcodeStuff.PlayerControllerB.DMD<GameNetcodeStuff.PlayerControllerB::Start>(GameNetcodeStuff.PlayerControllerB)

[Error  : Unity Log] ArgumentException: The Object you want to instantiate is null.
Stack trace:
UnityEngine.Object.Instantiate[T] (T original) (at <e27997765c1848b09d8073e5d642717a>:0)
LC_API.GameInterfaceAPI.Events.Patches.Internal.PlayerControllerBStartPatch.Postfix (GameNetcodeStuff.PlayerControllerB __instance) (at <b8c346b58a5a47329012fe59e1117455>:0)
(wrapper dynamic-method) GameNetcodeStuff.PlayerControllerB.DMD<GameNetcodeStuff.PlayerControllerB::Start>(GameNetcodeStuff.PlayerControllerB)

[Error  : Unity Log] ArgumentException: The Object you want to instantiate is null.
Stack trace:
UnityEngine.Object.Instantiate[T] (T original) (at <e27997765c1848b09d8073e5d642717a>:0)
LC_API.GameInterfaceAPI.Events.Patches.Internal.PlayerControllerBStartPatch.Postfix (GameNetcodeStuff.PlayerControllerB __instance) (at <b8c346b58a5a47329012fe59e1117455>:0)
(wrapper dynamic-method) GameNetcodeStuff.PlayerControllerB.DMD<GameNetcodeStuff.PlayerControllerB::Start>(GameNetcodeStuff.PlayerControllerB)

[Error  : Unity Log] ArgumentException: The Object you want to instantiate is null.
Stack trace:
UnityEngine.Object.Instantiate[T] (T original) (at <e27997765c1848b09d8073e5d642717a>:0)
LC_API.GameInterfaceAPI.Events.Patches.Internal.PlayerControllerBStartPatch.Postfix (GameNetcodeStuff.PlayerControllerB __instance) (at <b8c346b58a5a47329012fe59e1117455>:0)
(wrapper dynamic-method) GameNetcodeStuff.PlayerControllerB.DMD<GameNetcodeStuff.PlayerControllerB::Start>(GameNetcodeStuff.PlayerControllerB)

[Error  : Unity Log] ArgumentException: The Object you want to instantiate is null.
Stack trace:
UnityEngine.Object.Instantiate[T] (T original) (at <e27997765c1848b09d8073e5d642717a>:0)
LC_API.GameInterfaceAPI.Events.Patches.Internal.PlayerControllerBStartPatch.Postfix (GameNetcodeStuff.PlayerControllerB __instance) (at <b8c346b58a5a47329012fe59e1117455>:0)
(wrapper dynamic-method) GameNetcodeStuff.PlayerControllerB.DMD<GameNetcodeStuff.PlayerControllerB::Start>(GameNetcodeStuff.PlayerControllerB)

[Error  : Unity Log] ArgumentException: The Object you want to instantiate is null.
Stack trace:
UnityEngine.Object.Instantiate[T] (T original) (at <e27997765c1848b09d8073e5d642717a>:0)
LC_API.GameInterfaceAPI.Events.Patches.Internal.PlayerControllerBStartPatch.Postfix (GameNetcodeStuff.PlayerControllerB __instance) (at <b8c346b58a5a47329012fe59e1117455>:0)
(wrapper dynamic-method) GameNetcodeStuff.PlayerControllerB.DMD<GameNetcodeStuff.PlayerControllerB::Start>(GameNetcodeStuff.PlayerControllerB)

[Error  : Unity Log] ArgumentException: The Object you want to instantiate is null.
Stack trace:
UnityEngine.Object.Instantiate[T] (T original) (at <e27997765c1848b09d8073e5d642717a>:0)
LC_API.GameInterfaceAPI.Events.Patches.Internal.PlayerControllerBStartPatch.Postfix (GameNetcodeStuff.PlayerControllerB __instance) (at <b8c346b58a5a47329012fe59e1117455>:0)
(wrapper dynamic-method) GameNetcodeStuff.PlayerControllerB.DMD<GameNetcodeStuff.PlayerControllerB::Start>(GameNetcodeStuff.PlayerControllerB)

[Error  : Unity Log] ArgumentException: The Object you want to instantiate is null.
Stack trace:
UnityEngine.Object.Instantiate[T] (T original) (at <e27997765c1848b09d8073e5d642717a>:0)
LC_API.GameInterfaceAPI.Events.Patches.Internal.PlayerControllerBStartPatch.Postfix (GameNetcodeStuff.PlayerControllerB __instance) (at <b8c346b58a5a47329012fe59e1117455>:0)
(wrapper dynamic-method) GameNetcodeStuff.PlayerControllerB.DMD<GameNetcodeStuff.PlayerControllerB::Start>(GameNetcodeStuff.PlayerControllerB)

[Error  : Unity Log] ArgumentException: The Object you want to instantiate is null.
Stack trace:
UnityEngine.Object.Instantiate[T] (T original) (at <e27997765c1848b09d8073e5d642717a>:0)
LC_API.GameInterfaceAPI.Events.Patches.Internal.PlayerControllerBStartPatch.Postfix (GameNetcodeStuff.PlayerControllerB __instance) (at <b8c346b58a5a47329012fe59e1117455>:0)
(wrapper dynamic-method) GameNetcodeStuff.PlayerControllerB.DMD<GameNetcodeStuff.PlayerControllerB::Start>(GameNetcodeStuff.PlayerControllerB)

[Error  : Unity Log] ArgumentException: The Object you want to instantiate is null.
Stack trace:
UnityEngine.Object.Instantiate[T] (T original) (at <e27997765c1848b09d8073e5d642717a>:0)
LC_API.GameInterfaceAPI.Events.Patches.Internal.PlayerControllerBStartPatch.Postfix (GameNetcodeStuff.PlayerControllerB __instance) (at <b8c346b58a5a47329012fe59e1117455>:0)
(wrapper dynamic-method) GameNetcodeStuff.PlayerControllerB.DMD<GameNetcodeStuff.PlayerControllerB::Start>(GameNetcodeStuff.PlayerControllerB)

[Error  : Unity Log] ArgumentException: The Object you want to instantiate is null.
Stack trace:
UnityEngine.Object.Instantiate[T] (T original) (at <e27997765c1848b09d8073e5d642717a>:0)
LC_API.GameInterfaceAPI.Events.Patches.Internal.PlayerControllerBStartPatch.Postfix (GameNetcodeStuff.PlayerControllerB __instance) (at <b8c346b58a5a47329012fe59e1117455>:0)
(wrapper dynamic-method) GameNetcodeStuff.PlayerControllerB.DMD<GameNetcodeStuff.PlayerControllerB::Start>(GameNetcodeStuff.PlayerControllerB)

[Info   : Unity Log] Started spectating
[Info   : Unity Log] Started spectating
[Info   : Unity Log] Started spectating
[Info   : Unity Log] Started spectating
[Info   : Unity Log] Started spectating
[Info   : Unity Log] Started spectating
[Info   : Unity Log] Started spectating
[Info   : Unity Log] Started spectating
[Info   : Unity Log] Started spectating
[Info   : Unity Log] Started spectating
[Info   : Unity Log] Started spectating
[Info   : Unity Log] Started spectating
[Info   : Unity Log] Started spectating
[Info   : Unity Log] Started spectating
[Info   : Unity Log] Started spectating
[Info   : Unity Log] Started spectating
[Info   : Unity Log] Started spectating
[Info   : Unity Log] Started spectating
[Info   : Unity Log] Started spectating
[Info   : Unity Log] Started spectating
[Info   : Unity Log] Started spectating
[Info   : Unity Log] Started spectating
[Info   : Unity Log] Started spectating
[Info   : Unity Log] Started spectating
[Info   : Unity Log] Started spectating
[Info   : Unity Log] Started spectating
[Info   : Unity Log] Started spectating
[Info   : Unity Log] Started spectating
[Info   : Unity Log] Started spectating
[Info   : Unity Log] Started spectating
[Info   : Unity Log] Started spectating
[Info   : Unity Log] Started spectating
[Warning: Unity Log] [Netcode] Setting ownership twice? Client-ID 0 already owns NetworkObject ID 68!
[Info   : Unity Log] soumdmanager: True; False
[Info   : Unity Log] [HELMET_CAMERAS] Starting coroutine...
[Info   : Unity Log] [HELMET_CAMERAS] 5 seconds for init mode... Please wait...
[Info   : Unity Log] Taking control of player Player and enabling camera!
[Error  : Unity Log] ArgumentException: The Object you want to instantiate is null.
Stack trace:
UnityEngine.Object.Instantiate (UnityEngine.Object original, UnityEngine.Vector3 position, UnityEngine.Quaternion rotation) (at <e27997765c1848b09d8073e5d642717a>:0)
UnityEngine.Object.Instantiate[T] (T original, UnityEngine.Vector3 position, UnityEngine.Quaternion rotation) (at <e27997765c1848b09d8073e5d642717a>:0)
LC_API.GameInterfaceAPI.Features.Player.GetOrAdd (GameNetcodeStuff.PlayerControllerB playerController) (at <b8c346b58a5a47329012fe59e1117455>:0)
LC_API.GameInterfaceAPI.Events.Patches.Player.Joined.Prefix (GameNetcodeStuff.PlayerControllerB __instance) (at <b8c346b58a5a47329012fe59e1117455>:0)
(wrapper dynamic-method) GameNetcodeStuff.PlayerControllerB.DMD<GameNetcodeStuff.PlayerControllerB::SendNewPlayerValuesClientRpc>(GameNetcodeStuff.PlayerControllerB,ulong[])
(wrapper dynamic-method) GameNetcodeStuff.PlayerControllerB.DMD<GameNetcodeStuff.PlayerControllerB::SendNewPlayerValuesServerRpc>(GameNetcodeStuff.PlayerControllerB,ulong)
GameNetcodeStuff.PlayerControllerB.__rpc_handler_2504133785 (Unity.Netcode.NetworkBehaviour target, Unity.Netcode.FastBufferReader reader, Unity.Netcode.__RpcParams rpcParams) (at <44743d9474784365a095189c76175301>:0)
Unity.Netcode.RpcMessageHelpers.Handle (Unity.Netcode.NetworkContext& context, Unity.Netcode.RpcMetadata& metadata, Unity.Netcode.FastBufferReader& payload, Unity.Netcode.__RpcParams& rpcParams) (at <1b23ec5fcbfc4fbca0db70afcdb9b715>:0)
Rethrow as Exception: Unhandled RPC exception!
UnityEngine.Debug:LogException(Exception)
Unity.Netcode.RpcMessageHelpers:Handle(NetworkContext&, RpcMetadata&, FastBufferReader&, __RpcParams&)
Unity.Netcode.ServerRpcMessage:Handle(NetworkContext&)
Unity.Netcode.NetworkBehaviour:__endSendServerRpc(FastBufferWriter&, UInt32, ServerRpcParams, RpcDelivery)
GameNetcodeStuff.PlayerControllerB:DMD<GameNetcodeStuff.PlayerControllerB::SendNewPlayerValuesServerRpc>(PlayerControllerB, UInt64)
GameNetcodeStuff.PlayerControllerB:DMD<GameNetcodeStuff.PlayerControllerB::ConnectClientToPlayerObject>(PlayerControllerB)
GameNetcodeStuff.PlayerControllerB:DMD<GameNetcodeStuff.PlayerControllerB::Update>(PlayerControllerB)

[Info   : Unity Log] RPC Table Contents
[Info   : Unity Log] 3898702292 | __rpc_handler_3898702292
[Info   : Unity Log] 1254211676 | __rpc_handler_1254211676
[Info   : Unity Log] 442815492 | __rpc_handler_442815492
[Info   : Unity Log] 1267434055 | __rpc_handler_1267434055
[Info   : Unity Log] 1407071784 | __rpc_handler_1407071784
[Info   : Unity Log] 2433198804 | __rpc_handler_2433198804
[Info   : Unity Log] 3498116674 | __rpc_handler_3498116674
[Info   : Unity Log] 2885019175 | __rpc_handler_2885019175
[Info   : Unity Log] 1024971481 | __rpc_handler_1024971481
[Info   : Unity Log] 1137632670 | __rpc_handler_1137632670
[Info   : Unity Log] 669208889 | __rpc_handler_669208889
[Info   : Unity Log] 1665640498 | __rpc_handler_1665640498
[Info   : Unity Log] 1189168715 | __rpc_handler_1189168715
[Info   : Unity Log] 4140764492 | __rpc_handler_4140764492
[Info   : Unity Log] 1069363937 | __rpc_handler_1069363937
[Info   : Unity Log] 817791944 | __rpc_handler_817791944
[Info   : Unity Log] 2230447564 | __rpc_handler_2230447564
[Info   : Unity Log] 1724438000 | __rpc_handler_1724438000
[Info   : Unity Log] 640767722 | __rpc_handler_640767722
[Info   : Unity Log] 1461767556 | __rpc_handler_1461767556
[Info   : Unity Log] 848048148 | __rpc_handler_848048148
[Info   : Unity Log] 2219526317 | __rpc_handler_2219526317
[Info   : Unity Log] 1023577379 | __rpc_handler_1023577379
[Info   : Unity Log] 3450772816 | __rpc_handler_3450772816
[Info   : Unity Log] 3452382367 | __rpc_handler_3452382367
[Info   : Unity Log] 3856685904 | __rpc_handler_3856685904
[Info   : Unity Log] 2476579270 | __rpc_handler_2476579270
[Info   : Unity Log] 3749667856 | __rpc_handler_3749667856
[Info   : Unity Log] 1418775270 | __rpc_handler_1418775270
[Info   : Unity Log] 1865475504 | __rpc_handler_1865475504
[Info   : Unity Log] 869682226 | __rpc_handler_869682226
[Info   : Unity Log] 1564051222 | __rpc_handler_1564051222
[Info   : Unity Log] 1546030380 | __rpc_handler_1546030380
[Info   : Unity Log] 3360048400 | __rpc_handler_3360048400
[Info   : Unity Log] 443869275 | __rpc_handler_443869275
[Info   : Unity Log] 1782649174 | __rpc_handler_1782649174
[Info   : Unity Log] 3428942850 | __rpc_handler_3428942850
[Info   : Unity Log] 2073937320 | __rpc_handler_2073937320
[Info   : Unity Log] 1806580287 | __rpc_handler_1806580287
[Info   : Unity Log] 1567928363 | __rpc_handler_1567928363
[Info   : Unity Log] 3614203845 | __rpc_handler_3614203845
[Info   : Unity Log] 1155909339 | __rpc_handler_1155909339
[Info   : Unity Log] 3933590138 | __rpc_handler_3933590138
[Info   : Unity Log] 991811456 | __rpc_handler_991811456
[Info   : Unity Log] 1670979535 | __rpc_handler_1670979535
[Info   : Unity Log] 2348332192 | __rpc_handler_2348332192
[Info   : Unity Log] 2459653399 | __rpc_handler_2459653399
[Info   : Unity Log] 696889160 | __rpc_handler_696889160
[Info   : Unity Log] 3367846835 | __rpc_handler_3367846835
[Info   : Unity Log] 1737299197 | __rpc_handler_1737299197
[Info   : Unity Log] 1775372234 | __rpc_handler_1775372234
[Info   : Unity Log] 1078565091 | __rpc_handler_1078565091
[Info   : Unity Log] 1580405641 | __rpc_handler_1580405641
[Info   : Unity Log] 3995026000 | __rpc_handler_3995026000
[Info   : Unity Log] 3848306567 | __rpc_handler_3848306567
[Info   : Unity Log] 1531516867 | __rpc_handler_1531516867
[Info   : Unity Log] 2883846656 | __rpc_handler_2883846656
[Info   : Unity Log] 123213822 | __rpc_handler_123213822
[Info   : Unity Log] 4105250505 | __rpc_handler_4105250505
[Info   : Unity Log] 1106241822 | __rpc_handler_1106241822
[Info   : Unity Log] 2791977891 | __rpc_handler_2791977891
[Info   : Unity Log] 2474017466 | __rpc_handler_2474017466
[Info   : Unity Log] 1047857261 | __rpc_handler_1047857261
[Info   : Unity Log] 2005305321 | __rpc_handler_2005305321
[Info   : Unity Log] 2626887057 | __rpc_handler_2626887057
[Info   : Unity Log] 3824648183 | __rpc_handler_3824648183
[Info   : Unity Log] 2602771441 | __rpc_handler_2602771441
[Info   : Unity Log] 3661877694 | __rpc_handler_3661877694
[Info   : Unity Log] 461029090 | __rpc_handler_461029090
[Info   : Unity Log] 869452445 | __rpc_handler_869452445
[Info   : Unity Log] 1964892800 | __rpc_handler_1964892800
[Info   : Unity Log] 2716706397 | __rpc_handler_2716706397
[Info   : Unity Log] 3572529702 | __rpc_handler_3572529702
[Info   : Unity Log] 3352518565 | __rpc_handler_3352518565
[Info   : Unity Log] 880045462 | __rpc_handler_880045462
[Info   : Unity Log] 3781293737 | __rpc_handler_3781293737
[Info   : Unity Log] 2460625110 | __rpc_handler_2460625110
[Info   : Unity Log] 4150038830 | __rpc_handler_4150038830
[Info   : Unity Log] 3889142070 | __rpc_handler_3889142070
[Info   : Unity Log] 3132539150 | __rpc_handler_3132539150
[Info   : Unity Log] 3628265478 | __rpc_handler_3628265478
[Info   : Unity Log] 1114072420 | __rpc_handler_1114072420
[Info   : Unity Log] 2469293577 | __rpc_handler_2469293577
[Info   : Unity Log] 3230280218 | __rpc_handler_3230280218
[Info   : Unity Log] 3277367259 | __rpc_handler_3277367259
[Info   : Unity Log] 1392297385 | __rpc_handler_1392297385
[Info   : Unity Log] 3034180067 | __rpc_handler_3034180067
[Info   : Unity Log] 892728304 | __rpc_handler_892728304
[Info   : Unity Log] 103348088 | __rpc_handler_103348088
[Info   : Unity Log] 745684781 | __rpc_handler_745684781
[Info   : Unity Log] 1191125720 | __rpc_handler_1191125720
[Info   : Unity Log] 184554516 | __rpc_handler_184554516
[Info   : Unity Log] 1778576778 | __rpc_handler_1778576778
[Info   : Unity Log] 2046162111 | __rpc_handler_2046162111
[Info   : Unity Log] 1188121580 | __rpc_handler_1188121580
[Info   : Unity Log] 3458026102 | __rpc_handler_3458026102
[Info   : Unity Log] 3319502281 | __rpc_handler_3319502281
[Info   : Unity Log] 2269869251 | __rpc_handler_2269869251
[Info   : Unity Log] 1721192172 | __rpc_handler_1721192172
[Info   : Unity Log] 838150599 | __rpc_handler_838150599
[Info   : Unity Log] 3264241129 | __rpc_handler_3264241129
[Info   : Unity Log] 2325720037 | __rpc_handler_2325720037
[Info   : Unity Log] 67448504 | __rpc_handler_67448504
[Info   : Unity Log] 1320241094 | __rpc_handler_1320241094
[Info   : Unity Log] 1481377371 | __rpc_handler_1481377371
[Info   : Unity Log] 164274866 | __rpc_handler_164274866
[Info   : Unity Log] 859211137 | __rpc_handler_859211137
[Info   : Unity Log] 2081148948 | __rpc_handler_2081148948
[Info   : Unity Log] 2962895088 | __rpc_handler_2962895088
[Info   : Unity Log] 1810146992 | __rpc_handler_1810146992
[Info   : Unity Log] 1614111717 | __rpc_handler_1614111717
[Info   : Unity Log] 3079913705 | __rpc_handler_3079913705
[Info   : Unity Log] 1258118513 | __rpc_handler_1258118513
[Info   : Unity Log] 255411420 | __rpc_handler_255411420
[Info   : Unity Log] 4287979896 | __rpc_handler_4287979896
[Info   : Unity Log] 3587030867 | __rpc_handler_3587030867
[Info   : Unity Log] 245785831 | __rpc_handler_245785831
[Info   : Unity Log] 2814283679 | __rpc_handler_2814283679
[Info   : Unity Log] 217059478 | __rpc_handler_217059478
[Info   : Unity Log] 2182253155 | __rpc_handler_2182253155
[Info   : Unity Log] 3841281693 | __rpc_handler_3841281693
[Info   : Unity Log] 4279190381 | __rpc_handler_4279190381
[Info   : Unity Log] 3168414823 | __rpc_handler_3168414823
[Info   : Unity Log] 461510128 | __rpc_handler_461510128
[Info   : Unity Log] 4121415408 | __rpc_handler_4121415408
[Info   : Unity Log] 80027368 | __rpc_handler_80027368
[Info   : Unity Log] 2307050878 | __rpc_handler_2307050878
[Info   : Unity Log] 2817453984 | __rpc_handler_2817453984
[Info   : Unity Log] 1942952026 | __rpc_handler_1942952026
[Info   : Unity Log] 2920701539 | __rpc_handler_2920701539
[Info   : Unity Log] 2215703370 | __rpc_handler_2215703370
[Info   : Unity Log] 114605325 | __rpc_handler_114605325
[Info   : Unity Log] 843847125 | __rpc_handler_843847125
[Info   : Unity Log] 3273050 | __rpc_handler_3273050
[Info   : Unity Log] 344062384 | __rpc_handler_344062384
[Info   : Unity Log] 1296181132 | __rpc_handler_1296181132
[Info   : Unity Log] 3295708237 | __rpc_handler_3295708237
[Info   : Unity Log] 2685047264 | __rpc_handler_2685047264
[Info   : Unity Log] 2965927486 | __rpc_handler_2965927486
[Info   : Unity Log] 3924255731 | __rpc_handler_3924255731
[Info   : Unity Log] 1714423781 | __rpc_handler_1714423781
[Info   : Unity Log] 2878544999 | __rpc_handler_2878544999
[Info   : Unity Log] 3328558740 | __rpc_handler_3328558740
[Info   : Unity Log] 1252354594 | __rpc_handler_1252354594
[Info   : Unity Log] 2259057361 | __rpc_handler_2259057361
[Info   : Unity Log] 2993461149 | __rpc_handler_2993461149
[Info   : Unity Log] 2698736096 | __rpc_handler_2698736096
[Info   : Unity Log] 780678780 | __rpc_handler_780678780
[Info   : Unity Log] 1842858504 | __rpc_handler_1842858504
[Info   : Unity Log] 182727243 | __rpc_handler_182727243
[Info   : Unity Log] 3484508350 | __rpc_handler_3484508350
[Info   : Unity Log] 2670202430 | __rpc_handler_2670202430
[Info   : Unity Log] 1469591241 | __rpc_handler_1469591241
[Info   : Unity Log] 3081511085 | __rpc_handler_3081511085
[Info   : Unity Log] 2618697776 | __rpc_handler_2618697776
[Info   : Unity Log] 1334815929 | __rpc_handler_1334815929
[Info   : Unity Log] 4280509730 | __rpc_handler_4280509730
[Info   : Unity Log] 1761213193 | __rpc_handler_1761213193
[Info   : Unity Log] 1974688543 | __rpc_handler_1974688543
[Info   : Unity Log] 335835173 | __rpc_handler_335835173
[Info   : Unity Log] 2025123357 | __rpc_handler_2025123357
[Info   : Unity Log] 738171084 | __rpc_handler_738171084
[Info   : Unity Log] 947748389 | __rpc_handler_947748389
[Info   : Unity Log] 1898191537 | __rpc_handler_1898191537
[Info   : Unity Log] 101807903 | __rpc_handler_101807903
[Info   : Unity Log] 3399384424 | __rpc_handler_3399384424
[Info   : Unity Log] 1391130874 | __rpc_handler_1391130874
[Info   : Unity Log] 2930587515 | __rpc_handler_2930587515
[Info   : Unity Log] 168728662 | __rpc_handler_168728662
[Info   : Unity Log] 2787681914 | __rpc_handler_2787681914
[Info   : Unity Log] 1568596901 | __rpc_handler_1568596901
[Info   : Unity Log] 1944155956 | __rpc_handler_1944155956
[Info   : Unity Log] 3039261141 | __rpc_handler_3039261141
[Info   : Unity Log] 3153465849 | __rpc_handler_3153465849
[Info   : Unity Log] 2416035003 | __rpc_handler_2416035003
[Info   : Unity Log] 2436660286 | __rpc_handler_2436660286
[Info   : Unity Log] 1255866175 | __rpc_handler_1255866175
[Info   : Unity Log] 2352591293 | __rpc_handler_2352591293
[Info   : Unity Log] 1570713893 | __rpc_handler_1570713893
[Info   : Unity Log] 1389701054 | __rpc_handler_1389701054
[Info   : Unity Log] 4217433937 | __rpc_handler_4217433937
[Info   : Unity Log] 2220027482 | __rpc_handler_2220027482
[Info   : Unity Log] 1676259161 | __rpc_handler_1676259161
[Info   : Unity Log] 1616150480 | __rpc_handler_1616150480
[Info   : Unity Log] 840104050 | __rpc_handler_840104050
[Info   : Unity Log] 551948140 | __rpc_handler_551948140
[Info   : Unity Log] 1043384750 | __rpc_handler_1043384750
[Info   : Unity Log] 2665559382 | __rpc_handler_2665559382
[Info   : Unity Log] 2055165511 | __rpc_handler_2055165511
[Info   : Unity Log] 1065539967 | __rpc_handler_1065539967
[Info   : Unity Log] 3721656136 | __rpc_handler_3721656136
[Info   : Unity Log] 3689917697 | __rpc_handler_3689917697
[Info   : Unity Log] 1841413947 | __rpc_handler_1841413947
[Info   : Unity Log] 3510928244 | __rpc_handler_3510928244
[Info   : Unity Log] 847487221 | __rpc_handler_847487221
[Info   : Unity Log] 2358561451 | __rpc_handler_2358561451
[Info   : Unity Log] 1536760829 | __rpc_handler_1536760829
[Info   : Unity Log] 1884379629 | __rpc_handler_1884379629
[Info   : Unity Log] 1031891902 | __rpc_handler_1031891902
[Info   : Unity Log] 1430497838 | __rpc_handler_1430497838
[Info   : Unity Log] 3458599252 | __rpc_handler_3458599252
[Info   : Unity Log] 880620475 | __rpc_handler_880620475
[Info   : Unity Log] 953330655 | __rpc_handler_953330655
[Info   : Unity Log] 638792059 | __rpc_handler_638792059
[Info   : Unity Log] 3113622207 | __rpc_handler_3113622207
[Info   : Unity Log] 1496861823 | __rpc_handler_1496861823
[Info   : Unity Log] 343429303 | __rpc_handler_343429303
[Info   : Unity Log] 3446243450 | __rpc_handler_3446243450
[Info   : Unity Log] 1851545498 | __rpc_handler_1851545498
[Info   : Unity Log] 569892066 | __rpc_handler_569892066
[Info   : Unity Log] 3663112878 | __rpc_handler_3663112878
[Info   : Unity Log] 2295726646 | __rpc_handler_2295726646
[Info   : Unity Log] 2763604698 | __rpc_handler_2763604698
[Info   : Unity Log] 3479956057 | __rpc_handler_3479956057
[Info   : Unity Log] 4224840819 | __rpc_handler_4224840819
[Info   : Unity Log] 2652432181 | __rpc_handler_2652432181
[Info   : Unity Log] 3032666565 | __rpc_handler_3032666565
[Info   : Unity Log] 456724201 | __rpc_handler_456724201
[Info   : Unity Log] 1325919844 | __rpc_handler_1325919844
[Info   : Unity Log] 1984359406 | __rpc_handler_1984359406
[Info   : Unity Log] 3259100395 | __rpc_handler_3259100395
[Info   : Unity Log] 668114799 | __rpc_handler_668114799
[Info   : Unity Log] 345501982 | __rpc_handler_345501982
[Info   : Unity Log] 1656348772 | __rpc_handler_1656348772
[Info   : Unity Log] 2012404935 | __rpc_handler_2012404935
[Info   : Unity Log] 1937545459 | __rpc_handler_1937545459
[Info   : Unity Log] 2637643520 | __rpc_handler_2637643520
[Info   : Unity Log] 1485069450 | __rpc_handler_1485069450
[Info   : Unity Log] 3551312642 | __rpc_handler_3551312642
[Info   : Unity Log] 3110137062 | __rpc_handler_3110137062
[Info   : Unity Log] 1038760037 | __rpc_handler_1038760037
[Info   : Unity Log] 657232826 | __rpc_handler_657232826
[Info   : Unity Log] 2539470808 | __rpc_handler_2539470808
[Info   : Unity Log] 2502006210 | __rpc_handler_2502006210
[Info   : Unity Log] 3625708449 | __rpc_handler_3625708449
[Info   : Unity Log] 675153417 | __rpc_handler_675153417
[Info   : Unity Log] 432295350 | __rpc_handler_432295350
[Info   : Unity Log] 1141953697 | __rpc_handler_1141953697
[Info   : Unity Log] 2397761797 | __rpc_handler_2397761797
[Info   : Unity Log] 1407409549 | __rpc_handler_1407409549
[Info   : Unity Log] 1561581057 | __rpc_handler_1561581057
[Info   : Unity Log] 519961256 | __rpc_handler_519961256
[Info   : Unity Log] 222504553 | __rpc_handler_222504553
[Info   : Unity Log] 2560207573 | __rpc_handler_2560207573
[Info   : Unity Log] 1162325818 | __rpc_handler_1162325818
[Info   : Unity Log] 3309468324 | __rpc_handler_3309468324
[Info   : Unity Log] 3512011720 | __rpc_handler_3512011720
[Info   : Unity Log] 3192502457 | __rpc_handler_3192502457
[Info   : Unity Log] 4032958935 | __rpc_handler_4032958935
[Info   : Unity Log] 3071650946 | __rpc_handler_3071650946
[Info   : Unity Log] 1687215509 | __rpc_handler_1687215509
[Info   : Unity Log] 43708451 | __rpc_handler_43708451
[Info   : Unity Log] 4130373844 | __rpc_handler_4130373844
[Info   : Unity Log] 998670557 | __rpc_handler_998670557
[Info   : Unity Log] 2798326268 | __rpc_handler_2798326268
[Info   : Unity Log] 2252497379 | __rpc_handler_2252497379
[Info   : Unity Log] 19183128 | __rpc_handler_19183128
[Info   : Unity Log] 4189041149 | __rpc_handler_4189041149
[Info   : Unity Log] 2083405329 | __rpc_handler_2083405329
[Info   : Unity Log] 2623869394 | __rpc_handler_2623869394
[Info   : Unity Log] 1465144951 | __rpc_handler_1465144951
[Info   : Unity Log] 855827344 | __rpc_handler_855827344
[Info   : Unity Log] 3846014741 | __rpc_handler_3846014741
[Info   : Unity Log] 3142489771 | __rpc_handler_3142489771
[Info   : Unity Log] 1948237339 | __rpc_handler_1948237339
[Info   : Unity Log] 1780697749 | __rpc_handler_1780697749
[Info   : Unity Log] 2806509823 | __rpc_handler_2806509823
[Info   : Unity Log] 3996049734 | __rpc_handler_3996049734
[Info   : Unity Log] 3736826466 | __rpc_handler_3736826466
[Info   : Unity Log] 894193044 | __rpc_handler_894193044
[Info   : Unity Log] 1572138691 | __rpc_handler_1572138691
[Info   : Unity Log] 2018420059 | __rpc_handler_2018420059
[Info   : Unity Log] 3870955307 | __rpc_handler_3870955307
[Info   : Unity Log] 998664398 | __rpc_handler_998664398
[Info   : Unity Log] 3532402073 | __rpc_handler_3532402073
[Info   : Unity Log] 3858844829 | __rpc_handler_3858844829
[Info   : Unity Log] 3881699224 | __rpc_handler_3881699224
[Info   : Unity Log] 3893799727 | __rpc_handler_3893799727
[Info   : Unity Log] 2303694898 | __rpc_handler_2303694898
[Info   : Unity Log] 4275427213 | __rpc_handler_4275427213
[Info   : Unity Log] 3351579778 | __rpc_handler_3351579778
[Info   : Unity Log] 75402723 | __rpc_handler_75402723
[Info   : Unity Log] 800455552 | __rpc_handler_800455552
[Info   : Unity Log] 3591743514 | __rpc_handler_3591743514
[Info   : Unity Log] 1084949295 | __rpc_handler_1084949295
[Info   : Unity Log] 1822320450 | __rpc_handler_1822320450
[Info   : Unity Log] 3986869491 | __rpc_handler_3986869491
[Info   : Unity Log] 1090586009 | __rpc_handler_1090586009
[Info   : Unity Log] 341877959 | __rpc_handler_341877959
[Info   : Unity Log] 2005250174 | __rpc_handler_2005250174
[Info   : Unity Log] 4195705835 | __rpc_handler_4195705835
[Info   : Unity Log] 3390857164 | __rpc_handler_3390857164
[Info   : Unity Log] 2585603452 | __rpc_handler_2585603452
[Info   : Unity Log] 2196003333 | __rpc_handler_2196003333
[Info   : Unity Log] 3803364611 | __rpc_handler_3803364611
[Info   : Unity Log] 1955832627 | __rpc_handler_1955832627
[Info   : Unity Log] 878005044 | __rpc_handler_878005044
[Info   : Unity Log] 655708081 | __rpc_handler_655708081
[Info   : Unity Log] 412259855 | __rpc_handler_412259855
[Info   : Unity Log] 141629807 | __rpc_handler_141629807
[Info   : Unity Log] 1554282707 | __rpc_handler_1554282707
[Info   : Unity Log] 2552479808 | __rpc_handler_2552479808
[Info   : Unity Log] 1786952262 | __rpc_handler_1786952262
[Info   : Unity Log] 2217326231 | __rpc_handler_2217326231
[Info   : Unity Log] 2376977494 | __rpc_handler_2376977494
[Info   : Unity Log] 3943098567 | __rpc_handler_3943098567
[Info   : Unity Log] 3830452098 | __rpc_handler_3830452098
[Info   : Unity Log] 3771510012 | __rpc_handler_3771510012
[Info   : Unity Log] 588787670 | __rpc_handler_588787670
[Info   : Unity Log] 2188611472 | __rpc_handler_2188611472
[Info   : Unity Log] 3789403418 | __rpc_handler_3789403418
[Info   : Unity Log] 2444895710 | __rpc_handler_2444895710
[Info   : Unity Log] 3473255830 | __rpc_handler_3473255830
[Info   : Unity Log] 3386813972 | __rpc_handler_3386813972
[Info   : Unity Log] 2480354441 | __rpc_handler_2480354441
[Info   : Unity Log] 2281795056 | __rpc_handler_2281795056
[Info   : Unity Log] 2581007949 | __rpc_handler_2581007949
[Info   : Unity Log] 153310197 | __rpc_handler_153310197
[Info   : Unity Log] 3332990272 | __rpc_handler_3332990272
[Info   : Unity Log] 983565270 | __rpc_handler_983565270
[Info   : Unity Log] 2504133785 | __rpc_handler_2504133785
[Info   : Unity Log] 956616685 | __rpc_handler_956616685
[Info   : Unity Log] 3237016509 | __rpc_handler_3237016509
[Info   : Unity Log] 1367193869 | __rpc_handler_1367193869
[Info   : Unity Log] 1048203095 | __rpc_handler_1048203095
[Info   : Unity Log] 1284827260 | __rpc_handler_1284827260
[Info   : Unity Log] 3262284737 | __rpc_handler_3262284737
[Info   : Unity Log] 4067397557 | __rpc_handler_4067397557
[Info   : Unity Log] 1346025125 | __rpc_handler_1346025125
[Info   : Unity Log] 168339603 | __rpc_handler_168339603
[Info   : Unity Log] 1388366573 | __rpc_handler_1388366573
[Info   : Unity Log] 899109231 | __rpc_handler_899109231
[Info   : Unity Log] 301044013 | __rpc_handler_301044013
[Info   : Unity Log] 638895557 | __rpc_handler_638895557
[Info   : Unity Log] 2557046125 | __rpc_handler_2557046125
[Info   : Unity Log] 2829667697 | __rpc_handler_2829667697
[Info   : Unity Log] 3055061612 | __rpc_handler_3055061612
[Info   : Unity Log] 3391967647 | __rpc_handler_3391967647
[Info   : Unity Log] 1543216111 | __rpc_handler_1543216111
[Info   : Unity Log] 3361827964 | __rpc_handler_3361827964
[Info   : Unity Log] 2332892213 | __rpc_handler_2332892213
[Info   : Unity Log] 3971038271 | __rpc_handler_3971038271
[Info   : Unity Log] 720948839 | __rpc_handler_720948839
[Info   : Unity Log] 577640837 | __rpc_handler_577640837
[Info   : Unity Log] 3675855655 | __rpc_handler_3675855655
[Info   : Unity Log] 1557920159 | __rpc_handler_1557920159
[Info   : Unity Log] 3189835108 | __rpc_handler_3189835108
[Info   : Unity Log] 4130171556 | __rpc_handler_4130171556
[Info   : Unity Log] 1563228958 | __rpc_handler_1563228958
[Info   : Unity Log] 1099257450 | __rpc_handler_1099257450
[Info   : Unity Log] 753177805 | __rpc_handler_753177805
[Info   : Unity Log] 3246315153 | __rpc_handler_3246315153
[Info   : Unity Log] 3131319918 | __rpc_handler_3131319918
[Info   : Unity Log] 1659269112 | __rpc_handler_1659269112
[Info   : Unity Log] 1193916134 | __rpc_handler_1193916134
[Info   : Unity Log] 192551691 | __rpc_handler_192551691
[Info   : Unity Log] 710372063 | __rpc_handler_710372063
[Info   : Unity Log] 2729232387 | __rpc_handler_2729232387
[Info   : Unity Log] 46494176 | __rpc_handler_46494176
[Info   : Unity Log] 3840785488 | __rpc_handler_3840785488
[Info   : Unity Log] 1061166170 | __rpc_handler_1061166170
[Info   : Unity Log] 1586488299 | __rpc_handler_1586488299
[Info   : Unity Log] 1145714957 | __rpc_handler_1145714957
[Info   : Unity Log] 112447504 | __rpc_handler_112447504
[Info   : Unity Log] 445397880 | __rpc_handler_445397880
[Info   : Unity Log] 3840203489 | __rpc_handler_3840203489
[Info   : Unity Log] 224635274 | __rpc_handler_224635274
[Info   : Unity Log] 2894295549 | __rpc_handler_2894295549
[Info   : Unity Log] 1372568795 | __rpc_handler_1372568795
[Info   : Unity Log] 180633541 | __rpc_handler_180633541
[Info   : Unity Log] 196846835 | __rpc_handler_196846835
[Info   : Unity Log] 4242200834 | __rpc_handler_4242200834
[Info   : Unity Log] 3294703349 | __rpc_handler_3294703349
[Info   : Unity Log] 3344227036 | __rpc_handler_3344227036
[Info   : Unity Log] 3159704048 | __rpc_handler_3159704048
[Info   : Unity Log] 2600337163 | __rpc_handler_2600337163
[Info   : Unity Log] 2685725483 | __rpc_handler_2685725483
[Info   : Unity Log] 1467254034 | __rpc_handler_1467254034
[Info   : Unity Log] 327820463 | __rpc_handler_327820463
[Info   : Unity Log] 3975888531 | __rpc_handler_3975888531
[Info   : Unity Log] 4039894120 | __rpc_handler_4039894120
[Info   : Unity Log] 902229680 | __rpc_handler_902229680
[Info   : Unity Log] 1418960684 | __rpc_handler_1418960684
[Info   : Unity Log] 2819158268 | __rpc_handler_2819158268
[Info   : Unity Log] 1498805140 | __rpc_handler_1498805140
[Info   : Unity Log] 1497638036 | __rpc_handler_1497638036
[Info   : Unity Log] 504098657 | __rpc_handler_504098657
[Info   : Unity Log] 1428666593 | __rpc_handler_1428666593
[Info   : Unity Log] 967408504 | __rpc_handler_967408504
[Info   : Unity Log] 2882145839 | __rpc_handler_2882145839
[Info   : Unity Log] 861494715 | __rpc_handler_861494715
[Info   : Unity Log] 1606360774 | __rpc_handler_1606360774
[Info   : Unity Log] 3086821980 | __rpc_handler_3086821980
[Info   : Unity Log] 2797045448 | __rpc_handler_2797045448
[Info   : Unity Log] 1625678258 | __rpc_handler_1625678258
[Info   : Unity Log] 1484401029 | __rpc_handler_1484401029
[Info   : Unity Log] 389447712 | __rpc_handler_389447712
[Info   : Unity Log] 2773756087 | __rpc_handler_2773756087
[Info   : Unity Log] 3033548568 | __rpc_handler_3033548568
[Info   : Unity Log] 3527914562 | __rpc_handler_3527914562
[Info   : Unity Log] 660932683 | __rpc_handler_660932683
[Info   : Unity Log] 1544539621 | __rpc_handler_1544539621
[Info   : Unity Log] 1329927282 | __rpc_handler_1329927282
[Info   : Unity Log] 4176294522 | __rpc_handler_4176294522
[Info   : Unity Log] 3349119596 | __rpc_handler_3349119596
[Info   : Unity Log] 2673645315 | __rpc_handler_2673645315
[Info   : Unity Log] 4113335123 | __rpc_handler_4113335123
[Info   : Unity Log] 2042054613 | __rpc_handler_2042054613
[Info   : Unity Log] 2096026133 | __rpc_handler_2096026133
[Info   : Unity Log] 275435223 | __rpc_handler_275435223
[Info   : Unity Log] 274078295 | __rpc_handler_274078295
[Info   : Unity Log] 580761520 | __rpc_handler_580761520
[Info   : Unity Log] 2837950577 | __rpc_handler_2837950577
[Info   : Unity Log] 4269719820 | __rpc_handler_4269719820
[Info   : Unity Log] 629055349 | __rpc_handler_629055349
[Info   : Unity Log] 3280104832 | __rpc_handler_3280104832
[Info   : Unity Log] 1502362896 | __rpc_handler_1502362896
[Info   : Unity Log] 718630829 | __rpc_handler_718630829
[Info   : Unity Log] 339140592 | __rpc_handler_339140592
[Info   : Unity Log] 3626523253 | __rpc_handler_3626523253
[Info   : Unity Log] 2406447821 | __rpc_handler_2406447821
[Info   : Unity Log] 2951629574 | __rpc_handler_2951629574
[Info   : Unity Log] 2142553593 | __rpc_handler_2142553593
[Info   : Unity Log] 4249638645 | __rpc_handler_4249638645
[Info   : Unity Log] 462348217 | __rpc_handler_462348217
[Info   : Unity Log] 161788012 | __rpc_handler_161788012
[Info   : Unity Log] 3953483456 | __rpc_handler_3953483456
[Info   : Unity Log] 418581783 | __rpc_handler_418581783
[Info   : Unity Log] 3380566632 | __rpc_handler_3380566632
[Info   : Unity Log] 1076853239 | __rpc_handler_1076853239
[Info   : Unity Log] 1846610026 | __rpc_handler_1846610026
[Info   : Unity Log] 2369901769 | __rpc_handler_2369901769
[Info   : Unity Log] 475465488 | __rpc_handler_475465488
[Info   : Unity Log] 1161314225 | __rpc_handler_1161314225
[Info   : Unity Log] 682230258 | __rpc_handler_682230258
[Info   : Unity Log] 1613265729 | __rpc_handler_1613265729
[Info   : Unity Log] 744998938 | __rpc_handler_744998938
[Info   : Unity Log] 4156335180 | __rpc_handler_4156335180
[Info   : Unity Log] 1089447320 | __rpc_handler_1089447320
[Info   : Unity Log] 2028434619 | __rpc_handler_2028434619
[Info   : Unity Log] 794862467 | __rpc_handler_794862467
[Info   : Unity Log] 52779490 | __rpc_handler_52779490
[Info   : Unity Log] 1043433721 | __rpc_handler_1043433721
[Info   : Unity Log] 1482204640 | __rpc_handler_1482204640
[Info   : Unity Log] 2721053021 | __rpc_handler_2721053021
[Info   : Unity Log] 1068504982 | __rpc_handler_1068504982
[Info   : Unity Log] 2441193238 | __rpc_handler_2441193238
[Info   : Unity Log] 907290724 | __rpc_handler_907290724
[Info   : Unity Log] 3083945322 | __rpc_handler_3083945322
[Info   : Unity Log] 2578118202 | __rpc_handler_2578118202
[Info   : Unity Log] 1864501499 | __rpc_handler_1864501499
[Info   : Unity Log] 430165634 | __rpc_handler_430165634
[Info   : Unity Log] 2810194347 | __rpc_handler_2810194347
[Info   : Unity Log] 1134466287 | __rpc_handler_1134466287
[Info   : Unity Log] 3896714546 | __rpc_handler_3896714546
[Info   : Unity Log] 167566585 | __rpc_handler_167566585
[Info   : Unity Log] 2249588995 | __rpc_handler_2249588995
[Info   : Unity Log] 3519313816 | __rpc_handler_3519313816
[Info   : Unity Log] 3050994254 | __rpc_handler_3050994254
[Info   : Unity Log] 375322246 | __rpc_handler_375322246
[Info   : Unity Log] 3186641109 | __rpc_handler_3186641109
[Info   : Unity Log] 348115853 | __rpc_handler_348115853
[Info   : Unity Log] 2205874137 | __rpc_handler_2205874137
[Info   : Unity Log] 3330239287 | __rpc_handler_3330239287
[Info   : Unity Log] 4276612883 | __rpc_handler_4276612883
[Info   : Unity Log] 3163094487 | __rpc_handler_3163094487
[Info   : Unity Log] 90711347 | __rpc_handler_90711347
[Info   : Unity Log] 1273566447 | __rpc_handler_1273566447
[Info   : Unity Log] 3106289039 | __rpc_handler_3106289039
[Info   : Unity Log] 3782954741 | __rpc_handler_3782954741
[Info   : Unity Log] 1554186895 | __rpc_handler_1554186895
[Info   : Unity Log] 1713627637 | __rpc_handler_1713627637
[Info   : Unity Log] 1118892272 | __rpc_handler_1118892272
[Info   : Unity Log] 4003509079 | __rpc_handler_4003509079
[Info   : Unity Log] 3085407145 | __rpc_handler_3085407145
[Info   : Unity Log] 2039928764 | __rpc_handler_2039928764
[Info   : Unity Log] 1261428289 | __rpc_handler_1261428289
[Info   : Unity Log] 1148560877 | __rpc_handler_1148560877
[Info   : Unity Log] 4047492032 | __rpc_handler_4047492032
[Info   : Unity Log] 2420057819 | __rpc_handler_2420057819
[Info   : Unity Log] 1181174413 | __rpc_handler_1181174413
[Info   : Unity Log] 635686545 | __rpc_handler_635686545
[Info   : Unity Log] 1607080184 | __rpc_handler_1607080184
[Info   : Unity Log] 3625530963 | __rpc_handler_3625530963
[Info   : Unity Log] 3168707752 | __rpc_handler_3168707752
[Info   : Unity Log] 1041683203 | __rpc_handler_1041683203
[Info   : Unity Log] 749416460 | __rpc_handler_749416460
[Info   : Unity Log] 543987598 | __rpc_handler_543987598
[Info   : Unity Log] 1359513530 | __rpc_handler_1359513530
[Info   : Unity Log] 3001101610 | __rpc_handler_3001101610
[Info   : Unity Log] 711575688 | __rpc_handler_711575688
[Info   : Unity Log] 2426770061 | __rpc_handler_2426770061
[Info   : Unity Log] 866050294 | __rpc_handler_866050294
[Info   : Unity Log] 2800017671 | __rpc_handler_2800017671
[Info   : Unity Log] 3335553538 | __rpc_handler_3335553538
[Info   : Unity Log] 2339273208 | __rpc_handler_2339273208
[Info   : Unity Log] 1135819343 | __rpc_handler_1135819343
[Info   : Unity Log] 4195711963 | __rpc_handler_4195711963
[Info   : Unity Log] 1436540455 | __rpc_handler_1436540455
[Info   : Unity Log] 3672046368 | __rpc_handler_3672046368
[Info   : Unity Log] 2137061089 | __rpc_handler_2137061089
[Info   : Unity Log] 64994802 | __rpc_handler_64994802
[Info   : Unity Log] 2961867446 | __rpc_handler_2961867446
[Info   : Unity Log] 2502573704 | __rpc_handler_2502573704
[Info   : Unity Log] 3968582452 | __rpc_handler_3968582452
[Error  : Unity Log] ArgumentException: The Object you want to instantiate is null.
Stack trace:
UnityEngine.Object.Instantiate (UnityEngine.Object original, UnityEngine.Vector3 position, UnityEngine.Quaternion rotation) (at <e27997765c1848b09d8073e5d642717a>:0)
UnityEngine.Object.Instantiate[T] (T original, UnityEngine.Vector3 position, UnityEngine.Quaternion rotation) (at <e27997765c1848b09d8073e5d642717a>:0)
LC_API.GameInterfaceAPI.Features.Player.GetOrAdd (GameNetcodeStuff.PlayerControllerB playerController) (at <b8c346b58a5a47329012fe59e1117455>:0)
LC_API.GameInterfaceAPI.Events.Patches.Player.Joined.Prefix (GameNetcodeStuff.PlayerControllerB __instance) (at <b8c346b58a5a47329012fe59e1117455>:0)
(wrapper dynamic-method) GameNetcodeStuff.PlayerControllerB.DMD<GameNetcodeStuff.PlayerControllerB::SendNewPlayerValuesClientRpc>(GameNetcodeStuff.PlayerControllerB,ulong[])
(wrapper dynamic-method) GameNetcodeStuff.PlayerControllerB.DMD<GameNetcodeStuff.PlayerControllerB::SendNewPlayerValuesServerRpc>(GameNetcodeStuff.PlayerControllerB,ulong)
(wrapper dynamic-method) GameNetcodeStuff.PlayerControllerB.DMD<GameNetcodeStuff.PlayerControllerB::ConnectClientToPlayerObject>(GameNetcodeStuff.PlayerControllerB)
(wrapper dynamic-method) GameNetcodeStuff.PlayerControllerB.DMD<GameNetcodeStuff.PlayerControllerB::Update>(GameNetcodeStuff.PlayerControllerB)

[Info   : Unity Log] Has beta?: {hasBeta}
[Info   : Unity Log] Has beta save data: True
[Warning: Unity Log] BoxColliders does not support negative scale or size.
The effective box size has been forced positive and is likely to give unexpected collision geometry.
If you absolutely need to use negative scaling you can use the convex MeshCollider. Scene hierarchy path "Environment/HangarShip/LightSwitchContainer/PlacementCollider"
[Warning: Unity Log] BoxColliders does not support negative scale or size.
The effective box size has been forced positive and is likely to give unexpected collision geometry.
If you absolutely need to use negative scaling you can use the convex MeshCollider. Scene hierarchy path "Environment/HangarShip/Cube"
[Warning: Unity Log] BoxColliders does not support negative scale or size.
The effective box size has been forced positive and is likely to give unexpected collision geometry.
If you absolutely need to use negative scaling you can use the convex MeshCollider. Scene hierarchy path "Environment/HangarShip/AnimatedShipDoor/HangarDoorLeft (1)"
[Warning: Unity Log] BoxColliders does not support negative scale or size.
The effective box size has been forced positive and is likely to give unexpected collision geometry.
If you absolutely need to use negative scaling you can use the convex MeshCollider. Scene hierarchy path "Environment/HangarShip/ShipBottomColliders/Cube (1)"
[Warning: Unity Log] BoxColliders does not support negative scale or size.
The effective box size has been forced positive and is likely to give unexpected collision geometry.
If you absolutely need to use negative scaling you can use the convex MeshCollider. Scene hierarchy path "Environment/HangarShip/ControlDesk.001"
[Warning: Unity Log] BoxColliders does not support negative scale or size.
The effective box size has been forced positive and is likely to give unexpected collision geometry.
If you absolutely need to use negative scaling you can use the convex MeshCollider. Scene hierarchy path "Environment/HangarShip/ShipBottomColliders/Cube (3)"
[Warning: Unity Log] BoxColliders does not support negative scale or size.
The effective box size has been forced positive and is likely to give unexpected collision geometry.
If you absolutely need to use negative scaling you can use the convex MeshCollider. Scene hierarchy path "Environment/HangarShip/ShipBottomColliders/Cube (7)"
[Warning: Unity Log] BoxColliders does not support negative scale or size.
The effective box size has been forced positive and is likely to give unexpected collision geometry.
If you absolutely need to use negative scaling you can use the convex MeshCollider. Scene hierarchy path "Environment/HangarShip/ShipBottomColliders/Cube (6)"
[Warning: Unity Log] BoxColliders does not support negative scale or size.
The effective box size has been forced positive and is likely to give unexpected collision geometry.
If you absolutely need to use negative scaling you can use the convex MeshCollider. Scene hierarchy path "Environment/HangarShip/ShipBottomColliders/Cube (8)"
[Warning: Unity Log] BoxColliders does not support negative scale or size.
The effective box size has been forced positive and is likely to give unexpected collision geometry.
If you absolutely need to use negative scaling you can use the convex MeshCollider. Scene hierarchy path "Environment/HangarShip/ShipBottomColliders/Cube (5)"
[Warning: Unity Log] BoxColliders does not support negative scale or size.
The effective box size has been forced positive and is likely to give unexpected collision geometry.
If you absolutely need to use negative scaling you can use the convex MeshCollider. Scene hierarchy path "Environment/HangarShip/ShipBottomColliders/Cube (4)"
[Warning: Unity Log] [Dissonance:Recording] (13:20:55.458) CapturePipelineManager: Detected a frame skip, forcing capture pipeline reset (Delta Time:0.2751332)
[Warning: Unity Log] BoxColliders does not support negative scale or size.
The effective box size has been forced positive and is likely to give unexpected collision geometry.
If you absolutely need to use negative scaling you can use the convex MeshCollider. Scene hierarchy path "Environment/HangarShip/StorageCloset/Cube.000/Cube"
[Warning:    LC_API] Asking all other players for their mod list..
[Info   : Unity Log] [HELMET_CAMERAS] Ship camera founded...
[Info   : Unity Log] [HELMET_CAMERAS] Monitors were changed...
[Info   : Unity Log] [HELMET_CAMERAS] Turning off vanilla internal ship camera
[Info   :RugbugRedfern.SkinwalkerMod] Audio folder not present. Don't worry about it, it will be created automatically when you play with friends. (C:/Program Files (x86)/Steam/steamapps/common/Lethal Company/Lethal Company_Data\..\Dissonance_Diagnostics)
[Info   :RugbugRedfern.SkinwalkerMod] Audio folder not present. Don't worry about it, it will be created automatically when you play with friends. (C:/Program Files (x86)/Steam/steamapps/common/Lethal Company/Lethal Company_Data\..\Dissonance_Diagnostics)
[Info   :RugbugRedfern.SkinwalkerMod] Audio folder not present. Don't worry about it, it will be created automatically when you play with friends. (C:/Program Files (x86)/Steam/steamapps/common/Lethal Company/Lethal Company_Data\..\Dissonance_Diagnostics)
[Info   :RugbugRedfern.SkinwalkerMod] Audio folder not present. Don't worry about it, it will be created automatically when you play with friends. (C:/Program Files (x86)/Steam/steamapps/common/Lethal Company/Lethal Company_Data\..\Dissonance_Diagnostics)
[Info   : Unity Log] PLAYER OPENED MENU
[Info   : Unity Log] In terminal menu: False
[Info   : Unity Log] PLAYER OPENED MENU
[Info   : Unity Log] In terminal menu: False
[Info   : Unity Log] PLAYER OPENED MENU
[Info   : Unity Log] In terminal menu: False
[Info   : Unity Log] PLAYER OPENED MENU
[Info   : Unity Log] In terminal menu: False
[Info   : Unity Log] PLAYER OPENED MENU
[Info   : Unity Log] In terminal menu: False
[Info   : Unity Log] PLAYER OPENED MENU
[Info   : Unity Log] In terminal menu: False
[Info   : Unity Log] PLAYER OPENED MENU
[Info   : Unity Log] In terminal menu: False
[Info   : Unity Log] PLAYER OPENED MENU
[Info   : Unity Log] In terminal menu: False
[Info   : Unity Log] PLAYER OPENED MENU
[Info   : Unity Log] In terminal menu: False
[Info   : Unity Log] PLAYER OPENED MENU
[Info   : Unity Log] In terminal menu: False
[Info   : Unity Log] PLAYER OPENED MENU
[Info   : Unity Log] In terminal menu: False
[Info   : Unity Log] PLAYER OPENED MENU
[Info   : Unity Log] In terminal menu: False
[Info   : Unity Log] PLAYER OPENED MENU
[Info   : Unity Log] In terminal menu: False
[Info   : Unity Log] PLAYER OPENED MENU
[Info   : Unity Log] In terminal menu: False
[Info   : Unity Log] PLAYER OPENED MENU
[Info   : Unity Log] In terminal menu: False
[Info   : Unity Log] PLAYER OPENED MENU
[Info   : Unity Log] In terminal menu: False
[Info   : Unity Log] PLAYER OPENED MENU
[Info   : Unity Log] In terminal menu: False
[Info   : Unity Log] PLAYER OPENED MENU
[Info   : Unity Log] In terminal menu: False
[Info   : Unity Log] PLAYER OPENED MENU
[Info   : Unity Log] In terminal menu: False
[Info   : Unity Log] PLAYER OPENED MENU
[Info   : Unity Log] In terminal menu: False
[Info   : Unity Log] PLAYER OPENED MENU
[Info   : Unity Log] In terminal menu: False
[Info   : Unity Log] PLAYER OPENED MENU
[Info   : Unity Log] In terminal menu: False
[Info   : Unity Log] PLAYER OPENED MENU
[Info   : Unity Log] In terminal menu: False
[Info   : Unity Log] PLAYER OPENED MENU
[Info   : Unity Log] In terminal menu: False
[Info   : Unity Log] PLAYER OPENED MENU
[Info   : Unity Log] In terminal menu: False
[Info   : Unity Log] PLAYER OPENED MENU
[Info   : Unity Log] In terminal menu: False
[Info   : Unity Log] PLAYER OPENED MENU
[Info   : Unity Log] In terminal menu: False
[Info   : Unity Log] PLAYER OPENED MENU
[Info   : Unity Log] In terminal menu: False
[Info   : Unity Log] PLAYER OPENED MENU
[Info   : Unity Log] In terminal menu: False
[Info   : Unity Log] PLAYER OPENED MENU
[Info   : Unity Log] In terminal menu: False
[Info   : Unity Log] PLAYER OPENED MENU
[Info   : Unity Log] In terminal menu: False
[Info   : Unity Log] PLAYER OPENED MENU
[Info   : Unity Log] In terminal menu: False
[Info   :RugbugRedfern.SkinwalkerMod] Audio folder not present. Don't worry about it, it will be created automatically when you play with friends. (C:/Program Files (x86)/Steam/steamapps/common/Lethal Company/Lethal Company_Data\..\Dissonance_Diagnostics)
[Info   : Unity Log] Leaving current lobby
[Info   : Unity Log] Disconnecting and setting networkobjects to destroy with owner
[Info   : Unity Log] Got no ship grabbable items to save.
[Info   : Unity Log] Shutting down and disconnecting from server. Is host?: True
[Info   : Unity Log] [Netcode] Shutdown
[Info   : Unity Log] [Netcode] ShutdownInternal
[Info   : Unity Log] [FacepunchTransport] - Shutting down.
[Info   : Unity Log] [Netcode] NetworkConnectionManager.Shutdown() -> IsListening && NetworkTransport != null -> NetworkTransport.Shutdown()
[Info   : Unity Log] Resetting unlockables list!
[Info   : Unity Log] Scene manager is null
[Info   : Unity Log] DISABLING connection callbacks in round manager
[Info   :RugbugRedfern.SkinwalkerMod] SkinwalkerNetworkManager OnDestroy
[Info   : Unity Log] Terminal disabled, disabling ESC key listener
[Info   : Unity Log] Set version num
[Warning: Unity Log] Parent of RectTransform is being set with parent property. Consider using the SetParent method instead, with the worldPositionStays argument set to false. This will retain local orientation and scale rather than world orientation and scale, which can prevent common UI scaling issues.
[Info   : Unity Log] Changing gamma
[Info   : Unity Log] override float value: 0
[Info   : Unity Log] Overriding float
[Info   : Unity Log] Gamma changed
[Info   : Unity Log] Set gamma to new value: 0; (0.00, 0.00, 0.00, 0.00) (True)
[Info   :RugbugRedfern.SkinwalkerMod] Audio folder not present. Don't worry about it, it will be created automatically when you play with friends. (C:/Program Files (x86)/Steam/steamapps/common/Lethal Company/Lethal Company_Data\..\Dissonance_Diagnostics)
[Info   :RugbugRedfern.SkinwalkerMod] Audio folder not present. Don't worry about it, it will be created automatically when you play with friends. (C:/Program Files (x86)/Steam/steamapps/common/Lethal Company/Lethal Company_Data\..\Dissonance_Diagnostics)
[Info   :RugbugRedfern.SkinwalkerMod] Audio folder not present. Don't worry about it, it will be created automatically when you play with friends. (C:/Program Files (x86)/Steam/steamapps/common/Lethal Company/Lethal Company_Data\..\Dissonance_Diagnostics)
[Info   :RugbugRedfern.SkinwalkerMod] Audio folder not present. Don't worry about it, it will be created automatically when you play with friends. (C:/Program Files (x86)/Steam/steamapps/common/Lethal Company/Lethal Company_Data\..\Dissonance_Diagnostics)
[Info   :RugbugRedfern.SkinwalkerMod] Audio folder not present. Don't worry about it, it will be created automatically when you play with friends. (C:/Program Files (x86)/Steam/steamapps/common/Lethal Company/Lethal Company_Data\..\Dissonance_Diagnostics)
[Info   :RugbugRedfern.SkinwalkerMod] Audio folder not present. Don't worry about it, it will be created automatically when you play with friends. (C:/Program Files (x86)/Steam/steamapps/common/Lethal Company/Lethal Company_Data\..\Dissonance_Diagnostics)
[Info   : Unity Log] [Netcode] ShutdownInternal
[Info   : Unity Log] Leaving current lobby
[Info   : Unity Log] Disconnecting and setting networkobjects to destroy with owner
[Info   : Unity Log] Server is not active; quitting to main menu
[Info   : Unity Log] Set version num
[Warning: Unity Log] Parent of RectTransform is being set with parent property. Consider using the SetParent method instead, with the worldPositionStays argument set to false. This will retain local orientation and scale rather than world orientation and scale, which can prevent common UI scaling issues.
[Info   : Unity Log] Changing gamma
[Info   : Unity Log] override float value: 0
[Info   : Unity Log] Overriding float
[Info   : Unity Log] Gamma changed
[Info   : Unity Log] Set gamma to new value: 0; (0.00, 0.00, 0.00, 0.00) (True)
[Info   : Unity Log] unsubscribing from steam callbacks
